<?xml version="1.0" encoding="UTF-8"?>
<beans xmlns="http://www.springframework.org/schema/beans"
  xmlns:xsi="http://www.w3.org/2001/XMLSchema-instance"
  xmlns:context="http://www.springframework.org/schema/context"
  xsi:schemaLocation="http://www.springframework.org/schema/beans http://www.springframework.org/schema/beans/spring-beans-3.0.xsd
  http://www.springframework.org/schema/context http://www.springframework.org/schema/context/spring-context-3.0.xsd">

  <context:property-placeholder/>

  <bean id="containerWrapper" class="org.fcrepo.auth.oauth.integration.api.ContainerWrapper"
    init-method="start" destroy-method="stop">
    <property name="port" value="${test.port:8080}"/>
    <property name="contextConfigLocation"
      value="classpath:spring-test/rest.xml; classpath:spring-test/repo.xml; classpath:spring-test/security.xml"/>
    <property name="packagesToScan"
      value="org.fcrepo.api, org.fcrepo.responses, org.fcrepo.auth.oauth.api"/>
  </bean>
</beans>
